<?xml version="1.0" encoding="UTF-8"?>
<!-- Generated by org.testng.reporters.JUnitXMLReporter -->
<testsuite ignored="0" hostname="RADHEY" failures="0" tests="4" name="Default test" time="44.958" errors="0" timestamp="2025-07-14T22:22:10 IST">
  <testcase classname="com.pages.Windows_page" name="tabs1" time="0.201"/>
  <testcase classname="com.pages.Windows_page" name="tab2" time="1.559"/>
  <testcase classname="com.pages.Windows_page" name="tab3" time="0.615"/>
  <testcase classname="com.pages.Windows_page" name="allWindows_handels" time="0.086"/>
</testsuite> <!-- Default test -->
