<?xml version="1.0" encoding="UTF-8"?>
<testng-results ignored="0" total="4" passed="4" failed="0" skipped="0">
  <reporter-output>
  </reporter-output>
  <suite started-at="2025-07-14T22:21:25 IST" name="Default suite" finished-at="2025-07-14T22:22:10 IST" duration-ms="44958">
    <groups>
    </groups>
    <test started-at="2025-07-14T22:21:25 IST" name="Default test" finished-at="2025-07-14T22:22:10 IST" duration-ms="44958">
      <class name="com.pages.Windows_page">
        <test-method is-config="true" signature="SetUp()[pri:0, instance:com.pages.Windows_page@2ed2d9cb]" started-at="2025-07-14T22:21:25 IST" name="SetUp" finished-at="2025-07-14T22:22:07 IST" duration-ms="41699" status="PASS">
          <reporter-output>
          </reporter-output>
        </test-method> <!-- SetUp -->
        <test-method signature="tabs1()[pri:1, instance:com.pages.Windows_page@2ed2d9cb]" started-at="2025-07-14T22:22:07 IST" name="tabs1" finished-at="2025-07-14T22:22:07 IST" duration-ms="201" status="PASS">
          <reporter-output>
          </reporter-output>
        </test-method> <!-- tabs1 -->
        <test-method signature="tab2()[pri:2, instance:com.pages.Windows_page@2ed2d9cb]" started-at="2025-07-14T22:22:07 IST" name="tab2" finished-at="2025-07-14T22:22:09 IST" duration-ms="1559" status="PASS">
          <reporter-output>
          </reporter-output>
        </test-method> <!-- tab2 -->
        <test-method signature="tab3()[pri:3, instance:com.pages.Windows_page@2ed2d9cb]" started-at="2025-07-14T22:22:09 IST" name="tab3" finished-at="2025-07-14T22:22:10 IST" duration-ms="615" status="PASS">
          <reporter-output>
          </reporter-output>
        </test-method> <!-- tab3 -->
        <test-method signature="allWindows_handels()[pri:4, instance:com.pages.Windows_page@2ed2d9cb]" started-at="2025-07-14T22:22:10 IST" name="allWindows_handels" finished-at="2025-07-14T22:22:10 IST" duration-ms="86" status="PASS">
          <reporter-output>
          </reporter-output>
        </test-method> <!-- allWindows_handels -->
        <test-method is-config="true" signature="tearDown()[pri:0, instance:com.pages.Windows_page@2ed2d9cb]" started-at="2025-07-14T22:22:10 IST" name="tearDown" finished-at="2025-07-14T22:22:10 IST" duration-ms="754" status="PASS">
          <reporter-output>
          </reporter-output>
        </test-method> <!-- tearDown -->
      </class> <!-- com.pages.Windows_page -->
    </test> <!-- Default test -->
  </suite> <!-- Default suite -->
</testng-results>
