<?xml version="1.0" encoding="UTF-8"?>
<testng-results ignored="0" total="1" passed="1" failed="0" skipped="0">
  <reporter-output>
  </reporter-output>
  <suite started-at="2025-07-02T23:01:45 IST" name="Default suite" finished-at="2025-07-02T23:01:53 IST" duration-ms="8604">
    <groups>
    </groups>
    <test started-at="2025-07-02T23:01:45 IST" name="Default test" finished-at="2025-07-02T23:01:53 IST" duration-ms="8604">
      <class name="com.pages.Windows_page">
        <test-method is-config="true" signature="SetUp()[pri:0, instance:com.pages.Windows_page@e15b7e8]" started-at="2025-07-02T23:01:45 IST" name="SetUp" finished-at="2025-07-02T23:01:53 IST" duration-ms="8188" status="PASS">
          <reporter-output>
          </reporter-output>
        </test-method> <!-- SetUp -->
        <test-method signature="n()[pri:0, instance:com.pages.Windows_page@e15b7e8]" started-at="2025-07-02T23:01:53 IST" name="n" finished-at="2025-07-02T23:01:53 IST" duration-ms="15" status="PASS">
          <reporter-output>
          </reporter-output>
        </test-method> <!-- n -->
        <test-method is-config="true" signature="tearDown()[pri:0, instance:com.pages.Windows_page@e15b7e8]" started-at="2025-07-02T23:01:53 IST" name="tearDown" finished-at="2025-07-02T23:01:53 IST" duration-ms="349" status="PASS">
          <reporter-output>
          </reporter-output>
        </test-method> <!-- tearDown -->
      </class> <!-- com.pages.Windows_page -->
    </test> <!-- Default test -->
  </suite> <!-- Default suite -->
</testng-results>
